Build started 2011/3/3 下午 08:26:00.
     1>Project "d:\MyCraft\MyCraft\MyCraft.vcxproj" on node 2 (build target(s)).
     1>InitializeBuildStatus:
         Touching "Debug\MyCraft.unsuccessfulbuild".
       ClCompile:
         D:\Program Files (x86)\Microsoft Visual Studio 10.0\VC\bin\CL.exe /c /ZI /nologo /W3 /WX- /Od /Oy- /D _MBCS /Gm /EHsc /RTC1 /MDd /GS /fp:precise /Zc:wchar_t /Zc:forScope /Fo"Debug\\" /Fd"Debug\vc100.pdb" /Gd /TP /analyze- /errorReport:prompt main.cpp
         main.cpp
       Link:
         D:\Program Files (x86)\Microsoft Visual Studio 10.0\VC\bin\link.exe /ERRORREPORT:PROMPT /OUT:"d:\MyCraft\Debug\MyCraft.exe" /NOLOGO kernel32.lib user32.lib gdi32.lib winspool.lib comdlg32.lib advapi32.lib shell32.lib ole32.lib oleaut32.lib uuid.lib odbc32.lib odbccp32.lib /MANIFEST /ManifestFile:"Debug\MyCraft.exe.intermediate.manifest" /MANIFESTUAC:"level='asInvoker' uiAccess='false'" /DEBUG /PDB:"d:\MyCraft\Debug\MyCraft.pdb" /TLBID:1 /DYNAMICBASE /NXCOMPAT /IMPLIB:"d:\MyCraft\Debug\MyCraft.lib" /MACHINE:X86 Debug\main.obj
         Debug\Render.obj
     1>main.obj : error LNK2019: unresolved external symbol __imp__wglUseFontOutlinesA@32 referenced in function "void __cdecl BuildFont(void)" (?BuildFont@@YAXXZ)
     1>main.obj : error LNK2019: unresolved external symbol __imp__glGenLists@4 referenced in function "void __cdecl BuildFont(void)" (?BuildFont@@YAXXZ)
     1>main.obj : error LNK2019: unresolved external symbol __imp__glDeleteLists@8 referenced in function "void __cdecl KillFont(void)" (?KillFont@@YAXXZ)
     1>main.obj : error LNK2019: unresolved external symbol __imp__glPopAttrib@0 referenced in function "void __cdecl glPrint(char const *,...)" (?glPrint@@YAXPBDZZ)
     1>main.obj : error LNK2019: unresolved external symbol __imp__glCallLists@12 referenced in function "void __cdecl glPrint(char const *,...)" (?glPrint@@YAXPBDZZ)
     1>main.obj : error LNK2019: unresolved external symbol __imp__glListBase@4 referenced in function "void __cdecl glPrint(char const *,...)" (?glPrint@@YAXPBDZZ)
     1>main.obj : error LNK2019: unresolved external symbol __imp__glPushAttrib@4 referenced in function "void __cdecl glPrint(char const *,...)" (?glPrint@@YAXPBDZZ)
     1>main.obj : error LNK2019: unresolved external symbol _gluPerspective@32 referenced in function "void __cdecl ReSizeGLScene(int,int)" (?ReSizeGLScene@@YAXHH@Z)
     1>main.obj : error LNK2019: unresolved external symbol __imp__glLoadIdentity@0 referenced in function "void __cdecl ReSizeGLScene(int,int)" (?ReSizeGLScene@@YAXHH@Z)
     1>main.obj : error LNK2019: unresolved external symbol __imp__glMatrixMode@4 referenced in function "void __cdecl ReSizeGLScene(int,int)" (?ReSizeGLScene@@YAXHH@Z)
     1>main.obj : error LNK2019: unresolved external symbol __imp__glViewport@16 referenced in function "void __cdecl ReSizeGLScene(int,int)" (?ReSizeGLScene@@YAXHH@Z)
     1>main.obj : error LNK2019: unresolved external symbol __imp__glBlendFunc@8 referenced in function "int __cdecl InitGL(void)" (?InitGL@@YAHXZ)
     1>main.obj : error LNK2019: unresolved external symbol __imp__glDisable@4 referenced in function "int __cdecl InitGL(void)" (?InitGL@@YAHXZ)
     1>main.obj : error LNK2019: unresolved external symbol __imp__glEnable@4 referenced in function "int __cdecl InitGL(void)" (?InitGL@@YAHXZ)
     1>main.obj : error LNK2019: unresolved external symbol __imp__glHint@8 referenced in function "int __cdecl InitGL(void)" (?InitGL@@YAHXZ)
     1>main.obj : error LNK2019: unresolved external symbol __imp__glClearDepth@8 referenced in function "int __cdecl InitGL(void)" (?InitGL@@YAHXZ)
     1>main.obj : error LNK2019: unresolved external symbol __imp__glClearColor@16 referenced in function "int __cdecl InitGL(void)" (?InitGL@@YAHXZ)
     1>main.obj : error LNK2019: unresolved external symbol __imp__glShadeModel@4 referenced in function "int __cdecl InitGL(void)" (?InitGL@@YAHXZ)
     1>main.obj : error LNK2019: unresolved external symbol __imp__wglMakeCurrent@8 referenced in function "int __cdecl CreateGLWindow(void)" (?CreateGLWindow@@YAHXZ)
     1>main.obj : error LNK2019: unresolved external symbol __imp__wglCreateContext@4 referenced in function "int __cdecl CreateGLWindow(void)" (?CreateGLWindow@@YAHXZ)
     1>main.obj : error LNK2019: unresolved external symbol __imp__glColor3f@12 referenced in function "int __cdecl DrawGLScene(void)" (?DrawGLScene@@YAHXZ)
     1>main.obj : error LNK2019: unresolved external symbol __imp__glPopMatrix@0 referenced in function "int __cdecl DrawGLScene(void)" (?DrawGLScene@@YAHXZ)
     1>main.obj : error LNK2019: unresolved external symbol __imp__glScalef@12 referenced in function "int __cdecl DrawGLScene(void)" (?DrawGLScene@@YAHXZ)
     1>main.obj : error LNK2019: unresolved external symbol __imp__glTranslatef@12 referenced in function "int __cdecl DrawGLScene(void)" (?DrawGLScene@@YAHXZ)
     1>main.obj : error LNK2019: unresolved external symbol __imp__glPointSize@4 referenced in function "int __cdecl DrawGLScene(void)" (?DrawGLScene@@YAHXZ)
     1>main.obj : error LNK2019: unresolved external symbol __imp__glPushMatrix@0 referenced in function "int __cdecl DrawGLScene(void)" (?DrawGLScene@@YAHXZ)
     1>main.obj : error LNK2019: unresolved external symbol __imp__glClear@4 referenced in function "int __cdecl DrawGLScene(void)" (?DrawGLScene@@YAHXZ)
     1>main.obj : error LNK2019: unresolved external symbol __imp__wglDeleteContext@4 referenced in function _WinMain@16
     1>main.obj : error LNK2019: unresolved external symbol _MersenneRandomInit referenced in function _WinMain@16
     1>main.obj : error LNK2019: unresolved external symbol _ReadTSC referenced in function _WinMain@16
     1>d:\MyCraft\Debug\MyCraft.exe : fatal error LNK1120: 30 unresolved externals
     1>Done Building Project "d:\MyCraft\MyCraft\MyCraft.vcxproj" (build target(s)) -- FAILED.

Build FAILED.

Time Elapsed 00:00:00.91
